<?xml version="1.0" encoding="UTF-8"?>
<!-- Generated by org.testng.reporters.JUnitReportReporter -->
<testsuite hostname="DESKTOP-4V5C62G" name="TestCases.TestSendMessageToGroup" tests="2" failures="0" timestamp="12 Dec 2016 09:08:14 GMT" time="21.208" errors="0">
  <testcase name="sendShortMessageToGroup" time="15.677" classname="TestCases.TestSendMessageToGroup"/>
  <testcase name="receiveMessageSuccessfully" time="5.531" classname="TestCases.TestSendMessageToGroup"/>
</testsuite> <!-- TestCases.TestSendMessageToGroup -->
