<?xml version="1.0" encoding="UTF-8"?>
<!-- Generated by org.testng.reporters.JUnitReportReporter -->
<testsuite hostname="DESKTOP-4V5C62G" name="TestCases.TestSendMessageToOneAccount" tests="2" failures="0" timestamp="12 Dec 2016 09:08:14 GMT" time="19.641" errors="0">
  <testcase name="sendAShortMessageToAnAccount" time="14.064" classname="TestCases.TestSendMessageToOneAccount"/>
  <testcase name="receiveMessageSuccessfully" time="5.577" classname="TestCases.TestSendMessageToOneAccount"/>
</testsuite> <!-- TestCases.TestSendMessageToOneAccount -->
