<?xml version="1.0" encoding="UTF-8"?>
<!-- Generated by org.testng.reporters.JUnitReportReporter -->
<testsuite hostname="DESKTOP-4V5C62G" name="TestCases.TestForwardMessageToOneAccount" tests="2" failures="0" timestamp="13 Dec 2016 05:31:32 GMT" time="26.475" errors="0">
  <testcase name="checkReceiveForwardMessageSuccessfully" time="5.732" classname="TestCases.TestForwardMessageToOneAccount"/>
  <testcase name="forwardShortMessageToAnAccount" time="20.743" classname="TestCases.TestForwardMessageToOneAccount"/>
</testsuite> <!-- TestCases.TestForwardMessageToOneAccount -->
