<?xml version="1.0" encoding="UTF-8"?>
<!-- Generated by org.testng.reporters.JUnitReportReporter -->
<testsuite hostname="DESKTOP-4V5C62G" name="TestAuthenticationServer.TestAuthenServer" tests="1" failures="0" timestamp="14 Dec 2016 09:26:54 GMT" time="28.774" errors="0">
  <testcase name="loginAccount" time="28.774" classname="TestAuthenticationServer.TestAuthenServer"/>
</testsuite> <!-- TestAuthenticationServer.TestAuthenServer -->
