<?xml version="1.0" encoding="UTF-8"?>
<!-- Generated by org.testng.reporters.JUnitReportReporter -->
<testsuite hostname="DESKTOP-4V5C62G" name="TestAuthenticationServer.TestAuthen" tests="1" failures="0" timestamp="19 Dec 2016 11:24:56 GMT" time="27.841" errors="0">
  <testcase name="loginAccount" time="27.841" classname="TestAuthenticationServer.TestAuthen"/>
</testsuite> <!-- TestAuthenticationServer.TestAuthen -->
