<?xml version="1.0" encoding="UTF-8"?>
<!-- Generated by org.testng.reporters.JUnitReportReporter -->
<testsuite hostname="DESKTOP-4V5C62G" name="TestCases.TestReplyMessageToOneAccount" tests="2" failures="0" timestamp="13 Dec 2016 02:55:00 GMT" time="22.003" errors="0">
  <testcase name="replyAShortMessageToAnAccount" time="16.498" classname="TestCases.TestReplyMessageToOneAccount"/>
  <testcase name="checkIfReceiveMessageReplySuccessfully" time="5.505" classname="TestCases.TestReplyMessageToOneAccount"/>
</testsuite> <!-- TestCases.TestReplyMessageToOneAccount -->
