<?xml version="1.0" encoding="UTF-8"?>
<!-- Generated by org.testng.reporters.JUnitReportReporter -->
<testsuite hostname="DESKTOP-4V5C62G" name="TestCases.TestForwardMessageToGroup" tests="2" failures="0" timestamp="13 Dec 2016 05:33:27 GMT" time="23.521" errors="0">
  <testcase name="forwardShortMessageToAnGroup" time="17.758" classname="TestCases.TestForwardMessageToGroup"/>
  <testcase name="checkIfGroupReceiveForwardMessageSuccessfully" time="5.763" classname="TestCases.TestForwardMessageToGroup"/>
</testsuite> <!-- TestCases.TestForwardMessageToGroup -->
