<?xml version="1.0" encoding="UTF-8"?>
<!-- Generated by org.testng.reporters.JUnitReportReporter -->
<testsuite hostname="DESKTOP-4V5C62G" name="TestCases.TestReplyMessageToGroup" tests="2" failures="0" timestamp="13 Dec 2016 03:07:55 GMT" time="21.681" errors="0">
  <testcase name="replyAShortMessageToGroup" time="16.358" classname="TestCases.TestReplyMessageToGroup"/>
  <testcase name="checkIfReceiveMessageReplySuccessfully" time="5.323" classname="TestCases.TestReplyMessageToGroup"/>
</testsuite> <!-- TestCases.TestReplyMessageToGroup -->
